e:\cocosprojects\thrity\proj.win32\debug.win32\helloworldscene.obj
e:\cocosprojects\thrity\proj.win32\debug.win32\main.obj
e:\cocosprojects\thrity\proj.win32\debug.win32\appdelegate.obj
e:\cocosprojects\thrity\proj.win32\debug.win32\vc140.pdb
e:\cocosprojects\thrity\proj.win32\debug.win32\vc140.idb
e:\cocosprojects\thrity\proj.win32\debug.win32\thrity.ilk
e:\cocosprojects\thrity\proj.win32\debug.win32\thrity.exe
e:\cocosprojects\thrity\proj.win32\debug.win32\thrity.pdb
e:\cocosprojects\thrity\proj.win32\debug.win32\game.res
e:\cocosprojects\thrity\proj.win32\debug.win32\thrity.lib
e:\cocosprojects\thrity\proj.win32\debug.win32\thrity.exp
e:\cocosprojects\thrity\proj.win32\thrity.cab
e:\cocosprojects\thrity\proj.win32\debug.win32\thrity.tlog\cl.command.1.tlog
e:\cocosprojects\thrity\proj.win32\debug.win32\thrity.tlog\cl.read.1.tlog
e:\cocosprojects\thrity\proj.win32\debug.win32\thrity.tlog\cl.write.1.tlog
e:\cocosprojects\thrity\proj.win32\debug.win32\thrity.tlog\link.command.1.tlog
e:\cocosprojects\thrity\proj.win32\debug.win32\thrity.tlog\link.read.1.tlog
e:\cocosprojects\thrity\proj.win32\debug.win32\thrity.tlog\link.write.1.tlog
e:\cocosprojects\thrity\proj.win32\debug.win32\thrity.tlog\rc.command.1.tlog
e:\cocosprojects\thrity\proj.win32\debug.win32\thrity.tlog\rc.read.1.tlog
e:\cocosprojects\thrity\proj.win32\debug.win32\thrity.tlog\rc.write.1.tlog
e:\cocosprojects\thrity\proj.win32\debug.win32\thrity.tlog\thrity.write.1u.tlog
